{"level":"info","message":"{\"cod\":\"400\",\"message\":\"Nothing to geocode\"}","service":"user-service"}
{"level":"info","message":"{\"cod\":\"400\",\"message\":\"Nothing to geocode\"}","service":"user-service"}
{"level":"error","message":"error","service":"user-service"}
{"level":"info","message":"{\"coord\":{\"lon\":73.8553,\"lat\":18.5196},\"weather\":[{\"id\":803,\"main\":\"Clouds\",\"description\":\"broken clouds\",\"icon\":\"04d\"}],\"base\":\"stations\",\"main\":{\"temp\":33.55,\"feels_like\":32.25,\"temp_min\":33.55,\"temp_max\":33.55,\"pressure\":1007,\"humidity\":27,\"sea_level\":1007,\"grnd_level\":947},\"visibility\":10000,\"wind\":{\"speed\":2.18,\"deg\":304,\"gust\":3.33},\"clouds\":{\"all\":83},\"dt\":1652944893,\"sys\":{\"country\":\"IN\",\"sunrise\":1652920190,\"sunset\":1652967149},\"timezone\":19800,\"id\":1259229,\"name\":\"Pune\",\"cod\":200}","service":"user-service"}
{"level":"info","message":"{\"coord\":{\"lon\":73.8553,\"lat\":18.5196},\"weather\":[{\"id\":803,\"main\":\"Clouds\",\"description\":\"broken clouds\",\"icon\":\"04d\"}],\"base\":\"stations\",\"main\":{\"temp\":35.54,\"feels_like\":33.94,\"temp_min\":35.54,\"temp_max\":35.54,\"pressure\":1005,\"humidity\":22,\"sea_level\":1005,\"grnd_level\":946},\"visibility\":10000,\"wind\":{\"speed\":2,\"deg\":340,\"gust\":3.81},\"clouds\":{\"all\":75},\"dt\":1652948862,\"sys\":{\"country\":\"IN\",\"sunrise\":1652920190,\"sunset\":1652967149},\"timezone\":19800,\"id\":1259229,\"name\":\"Pune\",\"cod\":200}","service":"user-service"}
{"level":"info","message":"{\"coord\":{\"lon\":73.8553,\"lat\":18.5196},\"weather\":[{\"id\":803,\"main\":\"Clouds\",\"description\":\"broken clouds\",\"icon\":\"04d\"}],\"base\":\"stations\",\"main\":{\"temp\":36.51,\"feels_like\":34.8,\"temp_min\":36.51,\"temp_max\":36.51,\"pressure\":1004,\"humidity\":20,\"sea_level\":1004,\"grnd_level\":945},\"visibility\":10000,\"wind\":{\"speed\":2.07,\"deg\":360,\"gust\":4.1},\"clouds\":{\"all\":70},\"dt\":1652949327,\"sys\":{\"country\":\"IN\",\"sunrise\":1652920190,\"sunset\":1652967149},\"timezone\":19800,\"id\":1259229,\"name\":\"Pune\",\"cod\":200}","service":"user-service"}
{"level":"info","message":"{\"coord\":{\"lon\":73.8553,\"lat\":18.5196},\"weather\":[{\"id\":803,\"main\":\"Clouds\",\"description\":\"broken clouds\",\"icon\":\"04d\"}],\"base\":\"stations\",\"main\":{\"temp\":36.51,\"feels_like\":34.8,\"temp_min\":36.51,\"temp_max\":36.51,\"pressure\":1004,\"humidity\":20,\"sea_level\":1004,\"grnd_level\":945},\"visibility\":10000,\"wind\":{\"speed\":2.07,\"deg\":360,\"gust\":4.1},\"clouds\":{\"all\":70},\"dt\":1652949327,\"sys\":{\"country\":\"IN\",\"sunrise\":1652920190,\"sunset\":1652967149},\"timezone\":19800,\"id\":1259229,\"name\":\"Pune\",\"cod\":200}","service":"user-service"}
{"level":"info","message":"{\"coord\":{\"lon\":73.8553,\"lat\":18.5196},\"weather\":[{\"id\":803,\"main\":\"Clouds\",\"description\":\"broken clouds\",\"icon\":\"04d\"}],\"base\":\"stations\",\"main\":{\"temp\":36.51,\"feels_like\":34.8,\"temp_min\":36.51,\"temp_max\":36.51,\"pressure\":1004,\"humidity\":20,\"sea_level\":1004,\"grnd_level\":945},\"visibility\":10000,\"wind\":{\"speed\":2.07,\"deg\":360,\"gust\":4.1},\"clouds\":{\"all\":70},\"dt\":1652949327,\"sys\":{\"country\":\"IN\",\"sunrise\":1652920190,\"sunset\":1652967149},\"timezone\":19800,\"id\":1259229,\"name\":\"Pune\",\"cod\":200}","service":"user-service"}
{"level":"info","message":"{\"coord\":{\"lon\":73.8553,\"lat\":18.5196},\"weather\":[{\"id\":803,\"main\":\"Clouds\",\"description\":\"broken clouds\",\"icon\":\"04d\"}],\"base\":\"stations\",\"main\":{\"temp\":36.51,\"feels_like\":34.8,\"temp_min\":36.51,\"temp_max\":36.51,\"pressure\":1004,\"humidity\":20,\"sea_level\":1004,\"grnd_level\":945},\"visibility\":10000,\"wind\":{\"speed\":2.07,\"deg\":360,\"gust\":4.1},\"clouds\":{\"all\":70},\"dt\":1652949327,\"sys\":{\"country\":\"IN\",\"sunrise\":1652920190,\"sunset\":1652967149},\"timezone\":19800,\"id\":1259229,\"name\":\"Pune\",\"cod\":200}","service":"user-service"}
{"level":"info","message":"{\"coord\":{\"lon\":73.8553,\"lat\":18.5196},\"weather\":[{\"id\":803,\"main\":\"Clouds\",\"description\":\"broken clouds\",\"icon\":\"04d\"}],\"base\":\"stations\",\"main\":{\"temp\":36.51,\"feels_like\":34.8,\"temp_min\":36.51,\"temp_max\":36.51,\"pressure\":1004,\"humidity\":20,\"sea_level\":1004,\"grnd_level\":945},\"visibility\":10000,\"wind\":{\"speed\":2.07,\"deg\":360,\"gust\":4.1},\"clouds\":{\"all\":70},\"dt\":1652949675,\"sys\":{\"country\":\"IN\",\"sunrise\":1652920190,\"sunset\":1652967149},\"timezone\":19800,\"id\":1259229,\"name\":\"Pune\",\"cod\":200}","service":"user-service"}
{"level":"info","message":"{\"coord\":{\"lon\":73.8553,\"lat\":18.5196},\"weather\":[{\"id\":803,\"main\":\"Clouds\",\"description\":\"broken clouds\",\"icon\":\"04d\"}],\"base\":\"stations\",\"main\":{\"temp\":36.51,\"feels_like\":34.8,\"temp_min\":36.51,\"temp_max\":36.51,\"pressure\":1004,\"humidity\":20,\"sea_level\":1004,\"grnd_level\":945},\"visibility\":10000,\"wind\":{\"speed\":2.07,\"deg\":360,\"gust\":4.1},\"clouds\":{\"all\":70},\"dt\":1652949675,\"sys\":{\"country\":\"IN\",\"sunrise\":1652920190,\"sunset\":1652967149},\"timezone\":19800,\"id\":1259229,\"name\":\"Pune\",\"cod\":200}","service":"user-service"}
{"level":"info","message":"{\"coord\":{\"lon\":73.8553,\"lat\":18.5196},\"weather\":[{\"id\":803,\"main\":\"Clouds\",\"description\":\"broken clouds\",\"icon\":\"04d\"}],\"base\":\"stations\",\"main\":{\"temp\":36.51,\"feels_like\":34.8,\"temp_min\":36.51,\"temp_max\":36.51,\"pressure\":1004,\"humidity\":20,\"sea_level\":1004,\"grnd_level\":945},\"visibility\":10000,\"wind\":{\"speed\":2.07,\"deg\":360,\"gust\":4.1},\"clouds\":{\"all\":70},\"dt\":1652949675,\"sys\":{\"country\":\"IN\",\"sunrise\":1652920190,\"sunset\":1652967149},\"timezone\":19800,\"id\":1259229,\"name\":\"Pune\",\"cod\":200}","service":"user-service"}
{"level":"info","message":"{\"coord\":{\"lon\":73.8553,\"lat\":18.5196},\"weather\":[{\"id\":803,\"main\":\"Clouds\",\"description\":\"broken clouds\",\"icon\":\"04d\"}],\"base\":\"stations\",\"main\":{\"temp\":36.51,\"feels_like\":34.8,\"temp_min\":36.51,\"temp_max\":36.51,\"pressure\":1004,\"humidity\":20,\"sea_level\":1004,\"grnd_level\":945},\"visibility\":10000,\"wind\":{\"speed\":2.07,\"deg\":360,\"gust\":4.1},\"clouds\":{\"all\":70},\"dt\":1652949675,\"sys\":{\"country\":\"IN\",\"sunrise\":1652920190,\"sunset\":1652967149},\"timezone\":19800,\"id\":1259229,\"name\":\"Pune\",\"cod\":200}","service":"user-service"}
{"level":"error","message":"error","service":"user-service"}
{"level":"info","message":"{\"coord\":{\"lon\":73.8553,\"lat\":18.5196},\"weather\":[{\"id\":804,\"main\":\"Clouds\",\"description\":\"overcast clouds\",\"icon\":\"04n\"}],\"base\":\"stations\",\"main\":{\"temp\":26.32,\"feels_like\":26.32,\"temp_min\":26.32,\"temp_max\":26.32,\"pressure\":1008,\"humidity\":70,\"sea_level\":1008,\"grnd_level\":947},\"visibility\":10000,\"wind\":{\"speed\":4.59,\"deg\":258,\"gust\":6.45},\"clouds\":{\"all\":89},\"dt\":1652976570,\"sys\":{\"country\":\"IN\",\"sunrise\":1652920190,\"sunset\":1652967149},\"timezone\":19800,\"id\":1259229,\"name\":\"Pune\",\"cod\":200}","service":"user-service"}
{"level":"error","message":"error","service":"user-service"}
{"level":"info","message":"{\"coord\":{\"lon\":75.5667,\"lat\":21.0167},\"weather\":[{\"id\":802,\"main\":\"Clouds\",\"description\":\"scattered clouds\",\"icon\":\"03n\"}],\"base\":\"stations\",\"main\":{\"temp\":37.77,\"feels_like\":36.16,\"temp_min\":37.77,\"temp_max\":37.77,\"pressure\":1002,\"humidity\":19,\"sea_level\":1002,\"grnd_level\":978},\"visibility\":10000,\"wind\":{\"speed\":3.33,\"deg\":298,\"gust\":7.06},\"clouds\":{\"all\":33},\"dt\":1652976805,\"sys\":{\"country\":\"IN\",\"sunrise\":1652919531,\"sunset\":1652966987},\"timezone\":19800,\"id\":1269407,\"name\":\"Jalgaon\",\"cod\":200}","service":"user-service"}
{"level":"info","message":"{\"coord\":{\"lon\":73.8553,\"lat\":18.5196},\"weather\":[{\"id\":804,\"main\":\"Clouds\",\"description\":\"overcast clouds\",\"icon\":\"04d\"}],\"base\":\"stations\",\"main\":{\"temp\":27.53,\"feels_like\":28.69,\"temp_min\":27.53,\"temp_max\":27.53,\"pressure\":1006,\"humidity\":59,\"sea_level\":1006,\"grnd_level\":946},\"visibility\":10000,\"wind\":{\"speed\":6.08,\"deg\":268,\"gust\":7.33},\"clouds\":{\"all\":100},\"dt\":1653042786,\"sys\":{\"country\":\"IN\",\"sunrise\":1653006574,\"sunset\":1653053573},\"timezone\":19800,\"id\":1259229,\"name\":\"Pune\",\"cod\":200}","service":"user-service"}
{"level":"info","message":"{\"coord\":{\"lon\":73.8553,\"lat\":18.5196},\"weather\":[{\"id\":804,\"main\":\"Clouds\",\"description\":\"overcast clouds\",\"icon\":\"04d\"}],\"base\":\"stations\",\"main\":{\"temp\":27.53,\"feels_like\":28.69,\"temp_min\":27.53,\"temp_max\":27.53,\"pressure\":1006,\"humidity\":59,\"sea_level\":1006,\"grnd_level\":946},\"visibility\":10000,\"wind\":{\"speed\":6.08,\"deg\":268,\"gust\":7.33},\"clouds\":{\"all\":100},\"dt\":1653043328,\"sys\":{\"country\":\"IN\",\"sunrise\":1653006574,\"sunset\":1653053573},\"timezone\":19800,\"id\":1259229,\"name\":\"Pune\",\"cod\":200}","service":"user-service"}
{"level":"info","message":"{\"cod\":\"400\",\"message\":\"Nothing to geocode\"}","service":"user-service"}
{"level":"error","message":"error","service":"user-service"}
{"level":"info","message":"{\"coord\":{\"lon\":73.8553,\"lat\":18.5196},\"weather\":[{\"id\":804,\"main\":\"Clouds\",\"description\":\"overcast clouds\",\"icon\":\"04d\"}],\"base\":\"stations\",\"main\":{\"temp\":27.53,\"feels_like\":28.69,\"temp_min\":27.53,\"temp_max\":27.53,\"pressure\":1006,\"humidity\":59,\"sea_level\":1006,\"grnd_level\":946},\"visibility\":10000,\"wind\":{\"speed\":6.08,\"deg\":268,\"gust\":7.33},\"clouds\":{\"all\":100},\"dt\":1653043328,\"sys\":{\"country\":\"IN\",\"sunrise\":1653006574,\"sunset\":1653053573},\"timezone\":19800,\"id\":1259229,\"name\":\"Pune\",\"cod\":200}","service":"user-service"}
{"level":"info","message":"{\"cod\":\"400\",\"message\":\"Nothing to geocode\"}","service":"user-service"}
{"level":"error","message":"error","service":"user-service"}
{"level":"info","message":"{\"cod\":\"404\",\"message\":\"city not found\"}","service":"user-service"}
{"level":"error","message":"error","service":"user-service"}
{"level":"info","message":"{\"cod\":\"400\",\"message\":\"Nothing to geocode\"}","service":"user-service"}
{"level":"error","message":"error","service":"user-service"}
{"level":"info","message":"{\"coord\":{\"lon\":73.8553,\"lat\":18.5196},\"weather\":[{\"id\":804,\"main\":\"Clouds\",\"description\":\"overcast clouds\",\"icon\":\"04d\"}],\"base\":\"stations\",\"main\":{\"temp\":27.53,\"feels_like\":28.69,\"temp_min\":27.53,\"temp_max\":27.53,\"pressure\":1006,\"humidity\":59,\"sea_level\":1006,\"grnd_level\":946},\"visibility\":10000,\"wind\":{\"speed\":6.08,\"deg\":268,\"gust\":7.33},\"clouds\":{\"all\":100},\"dt\":1653043328,\"sys\":{\"country\":\"IN\",\"sunrise\":1653006574,\"sunset\":1653053573},\"timezone\":19800,\"id\":1259229,\"name\":\"Pune\",\"cod\":200}","service":"user-service"}
{"level":"info","message":"{\"cod\":\"400\",\"message\":\"Nothing to geocode\"}","service":"user-service"}
{"level":"error","message":"error","service":"user-service"}
{"level":"info","message":"{\"cod\":\"400\",\"message\":\"Nothing to geocode\"}","service":"user-service"}
{"level":"error","message":"error","service":"user-service"}
{"level":"info","message":"{\"coord\":{\"lon\":73.8553,\"lat\":18.5196},\"weather\":[{\"id\":804,\"main\":\"Clouds\",\"description\":\"overcast clouds\",\"icon\":\"04d\"}],\"base\":\"stations\",\"main\":{\"temp\":27.53,\"feels_like\":28.69,\"temp_min\":27.53,\"temp_max\":27.53,\"pressure\":1006,\"humidity\":59,\"sea_level\":1006,\"grnd_level\":946},\"visibility\":10000,\"wind\":{\"speed\":6.08,\"deg\":268,\"gust\":7.33},\"clouds\":{\"all\":100},\"dt\":1653043328,\"sys\":{\"country\":\"IN\",\"sunrise\":1653006574,\"sunset\":1653053573},\"timezone\":19800,\"id\":1259229,\"name\":\"Pune\",\"cod\":200}","service":"user-service"}
{"level":"info","message":"{\"cod\":\"400\",\"message\":\"Nothing to geocode\"}","service":"user-service"}
{"level":"error","message":"error","service":"user-service"}
{"level":"info","message":"{\"cod\":\"400\",\"message\":\"Nothing to geocode\"}","service":"user-service"}
{"level":"error","message":"error","service":"user-service"}
{"level":"info","message":"{\"coord\":{\"lon\":73.8553,\"lat\":18.5196},\"weather\":[{\"id\":804,\"main\":\"Clouds\",\"description\":\"overcast clouds\",\"icon\":\"04d\"}],\"base\":\"stations\",\"main\":{\"temp\":27.53,\"feels_like\":28.69,\"temp_min\":27.53,\"temp_max\":27.53,\"pressure\":1006,\"humidity\":59,\"sea_level\":1006,\"grnd_level\":946},\"visibility\":10000,\"wind\":{\"speed\":6.08,\"deg\":268,\"gust\":7.33},\"clouds\":{\"all\":100},\"dt\":1653043328,\"sys\":{\"country\":\"IN\",\"sunrise\":1653006574,\"sunset\":1653053573},\"timezone\":19800,\"id\":1259229,\"name\":\"Pune\",\"cod\":200}","service":"user-service"}
{"level":"info","message":"{\"cod\":\"400\",\"message\":\"Nothing to geocode\"}","service":"user-service"}
{"level":"error","message":"error","service":"user-service"}
{"level":"info","message":"{\"cod\":\"400\",\"message\":\"Nothing to geocode\"}","service":"user-service"}
{"level":"error","message":"error","service":"user-service"}
{"level":"info","message":"{\"coord\":{\"lon\":73.8553,\"lat\":18.5196},\"weather\":[{\"id\":804,\"main\":\"Clouds\",\"description\":\"overcast clouds\",\"icon\":\"04d\"}],\"base\":\"stations\",\"main\":{\"temp\":27.53,\"feels_like\":28.69,\"temp_min\":27.53,\"temp_max\":27.53,\"pressure\":1006,\"humidity\":59,\"sea_level\":1006,\"grnd_level\":946},\"visibility\":10000,\"wind\":{\"speed\":6.08,\"deg\":268,\"gust\":7.33},\"clouds\":{\"all\":100},\"dt\":1653043328,\"sys\":{\"country\":\"IN\",\"sunrise\":1653006574,\"sunset\":1653053573},\"timezone\":19800,\"id\":1259229,\"name\":\"Pune\",\"cod\":200}","service":"user-service"}
{"level":"info","message":"{\"cod\":\"400\",\"message\":\"Nothing to geocode\"}","service":"user-service"}
{"level":"error","message":"error","service":"user-service"}
{"level":"info","message":"{\"cod\":\"400\",\"message\":\"Nothing to geocode\"}","service":"user-service"}
{"level":"error","message":"error","service":"user-service"}
{"level":"info","message":"{\"coord\":{\"lon\":73.8553,\"lat\":18.5196},\"weather\":[{\"id\":804,\"main\":\"Clouds\",\"description\":\"overcast clouds\",\"icon\":\"04d\"}],\"base\":\"stations\",\"main\":{\"temp\":27.53,\"feels_like\":28.69,\"temp_min\":27.53,\"temp_max\":27.53,\"pressure\":1006,\"humidity\":59,\"sea_level\":1006,\"grnd_level\":946},\"visibility\":10000,\"wind\":{\"speed\":6.08,\"deg\":268,\"gust\":7.33},\"clouds\":{\"all\":100},\"dt\":1653043328,\"sys\":{\"country\":\"IN\",\"sunrise\":1653006574,\"sunset\":1653053573},\"timezone\":19800,\"id\":1259229,\"name\":\"Pune\",\"cod\":200}","service":"user-service"}
{"level":"info","message":"{\"cod\":\"400\",\"message\":\"Nothing to geocode\"}","service":"user-service"}
{"level":"error","message":"error","service":"user-service"}
{"level":"info","message":"{\"coord\":{\"lon\":73.8553,\"lat\":18.5196},\"weather\":[{\"id\":804,\"main\":\"Clouds\",\"description\":\"overcast clouds\",\"icon\":\"04d\"}],\"base\":\"stations\",\"main\":{\"temp\":27.53,\"feels_like\":28.69,\"temp_min\":27.53,\"temp_max\":27.53,\"pressure\":1006,\"humidity\":59,\"sea_level\":1006,\"grnd_level\":946},\"visibility\":10000,\"wind\":{\"speed\":6.08,\"deg\":268,\"gust\":7.33},\"clouds\":{\"all\":100},\"dt\":1653044063,\"sys\":{\"country\":\"IN\",\"sunrise\":1653006574,\"sunset\":1653053573},\"timezone\":19800,\"id\":1259229,\"name\":\"Pune\",\"cod\":200}","service":"user-service"}
{"level":"info","message":"{\"coord\":{\"lon\":73.8553,\"lat\":18.5196},\"weather\":[{\"id\":804,\"main\":\"Clouds\",\"description\":\"overcast clouds\",\"icon\":\"04d\"}],\"base\":\"stations\",\"main\":{\"temp\":27.53,\"feels_like\":28.69,\"temp_min\":27.53,\"temp_max\":27.53,\"pressure\":1006,\"humidity\":59,\"sea_level\":1006,\"grnd_level\":946},\"visibility\":10000,\"wind\":{\"speed\":6.08,\"deg\":268,\"gust\":7.33},\"clouds\":{\"all\":100},\"dt\":1653044063,\"sys\":{\"country\":\"IN\",\"sunrise\":1653006574,\"sunset\":1653053573},\"timezone\":19800,\"id\":1259229,\"name\":\"Pune\",\"cod\":200}","service":"user-service"}
{"level":"info","message":"{\"cod\":\"400\",\"message\":\"Nothing to geocode\"}","service":"user-service"}
{"level":"error","message":"error","service":"user-service"}
{"level":"info","message":"{\"coord\":{\"lon\":73.8553,\"lat\":18.5196},\"weather\":[{\"id\":804,\"main\":\"Clouds\",\"description\":\"overcast clouds\",\"icon\":\"04d\"}],\"base\":\"stations\",\"main\":{\"temp\":27.53,\"feels_like\":28.69,\"temp_min\":27.53,\"temp_max\":27.53,\"pressure\":1006,\"humidity\":59,\"sea_level\":1006,\"grnd_level\":946},\"visibility\":10000,\"wind\":{\"speed\":6.08,\"deg\":268,\"gust\":7.33},\"clouds\":{\"all\":100},\"dt\":1653044063,\"sys\":{\"country\":\"IN\",\"sunrise\":1653006574,\"sunset\":1653053573},\"timezone\":19800,\"id\":1259229,\"name\":\"Pune\",\"cod\":200}","service":"user-service"}
{"level":"info","message":"{\"cod\":\"400\",\"message\":\"Nothing to geocode\"}","service":"user-service"}
{"level":"error","message":"error","service":"user-service"}
{"level":"info","message":"{\"coord\":{\"lon\":73.8553,\"lat\":18.5196},\"weather\":[{\"id\":804,\"main\":\"Clouds\",\"description\":\"overcast clouds\",\"icon\":\"04d\"}],\"base\":\"stations\",\"main\":{\"temp\":27.53,\"feels_like\":28.69,\"temp_min\":27.53,\"temp_max\":27.53,\"pressure\":1006,\"humidity\":59,\"sea_level\":1006,\"grnd_level\":946},\"visibility\":10000,\"wind\":{\"speed\":6.08,\"deg\":268,\"gust\":7.33},\"clouds\":{\"all\":100},\"dt\":1653044063,\"sys\":{\"country\":\"IN\",\"sunrise\":1653006574,\"sunset\":1653053573},\"timezone\":19800,\"id\":1259229,\"name\":\"Pune\",\"cod\":200}","service":"user-service"}
{"level":"info","message":"{\"coord\":{\"lon\":73.8553,\"lat\":18.5196},\"weather\":[{\"id\":804,\"main\":\"Clouds\",\"description\":\"overcast clouds\",\"icon\":\"04d\"}],\"base\":\"stations\",\"main\":{\"temp\":27.53,\"feels_like\":28.69,\"temp_min\":27.53,\"temp_max\":27.53,\"pressure\":1006,\"humidity\":59,\"sea_level\":1006,\"grnd_level\":946},\"visibility\":10000,\"wind\":{\"speed\":6.08,\"deg\":268,\"gust\":7.33},\"clouds\":{\"all\":100},\"dt\":1653044063,\"sys\":{\"country\":\"IN\",\"sunrise\":1653006574,\"sunset\":1653053573},\"timezone\":19800,\"id\":1259229,\"name\":\"Pune\",\"cod\":200}","service":"user-service"}
{"level":"info","message":"{\"cod\":\"400\",\"message\":\"Nothing to geocode\"}","service":"user-service"}
{"level":"error","message":"error","service":"user-service"}
{"level":"info","message":"{\"cod\":\"400\",\"message\":\"Nothing to geocode\"}","service":"user-service"}
{"level":"error","message":"error","service":"user-service"}
{"level":"info","message":"{\"cod\":\"400\",\"message\":\"Nothing to geocode\"}","service":"user-service"}
{"level":"error","message":"error","service":"user-service"}
{"level":"info","message":"{\"cod\":\"400\",\"message\":\"Nothing to geocode\"}","service":"user-service"}
{"level":"error","message":"error","service":"user-service"}
{"level":"info","message":"{\"cod\":\"400\",\"message\":\"Nothing to geocode\"}","service":"user-service"}
{"level":"error","message":"error","service":"user-service"}
{"level":"info","message":"{\"cod\":\"400\",\"message\":\"Nothing to geocode\"}","service":"user-service"}
{"level":"error","message":"error","service":"user-service"}
{"level":"info","message":"{\"cod\":\"400\",\"message\":\"Nothing to geocode\"}","service":"user-service"}
{"level":"error","message":"error","service":"user-service"}
{"level":"info","message":"{\"cod\":\"400\",\"message\":\"Nothing to geocode\"}","service":"user-service"}
{"level":"error","message":"error","service":"user-service"}
{"level":"info","message":"{\"cod\":\"400\",\"message\":\"Nothing to geocode\"}","service":"user-service"}
{"level":"error","message":"error","service":"user-service"}
{"level":"info","message":"{\"cod\":\"400\",\"message\":\"Nothing to geocode\"}","service":"user-service"}
{"level":"error","message":"error","service":"user-service"}
{"level":"info","message":"{\"cod\":\"400\",\"message\":\"Nothing to geocode\"}","service":"user-service"}
{"level":"error","message":"error","service":"user-service"}
{"level":"info","message":"{\"coord\":{\"lon\":73.8553,\"lat\":18.5196},\"weather\":[{\"id\":804,\"main\":\"Clouds\",\"description\":\"overcast clouds\",\"icon\":\"04d\"}],\"base\":\"stations\",\"main\":{\"temp\":27.53,\"feels_like\":28.69,\"temp_min\":27.53,\"temp_max\":27.53,\"pressure\":1006,\"humidity\":59,\"sea_level\":1006,\"grnd_level\":946},\"visibility\":10000,\"wind\":{\"speed\":6.08,\"deg\":268,\"gust\":7.33},\"clouds\":{\"all\":100},\"dt\":1653044063,\"sys\":{\"country\":\"IN\",\"sunrise\":1653006574,\"sunset\":1653053573},\"timezone\":19800,\"id\":1259229,\"name\":\"Pune\",\"cod\":200}","service":"user-service"}
{"level":"info","message":"{\"coord\":{\"lon\":73.8553,\"lat\":18.5196},\"weather\":[{\"id\":804,\"main\":\"Clouds\",\"description\":\"overcast clouds\",\"icon\":\"04d\"}],\"base\":\"stations\",\"main\":{\"temp\":27.53,\"feels_like\":28.69,\"temp_min\":27.53,\"temp_max\":27.53,\"pressure\":1006,\"humidity\":59,\"sea_level\":1006,\"grnd_level\":946},\"visibility\":10000,\"wind\":{\"speed\":6.08,\"deg\":268,\"gust\":7.33},\"clouds\":{\"all\":100},\"dt\":1653044063,\"sys\":{\"country\":\"IN\",\"sunrise\":1653006574,\"sunset\":1653053573},\"timezone\":19800,\"id\":1259229,\"name\":\"Pune\",\"cod\":200}","service":"user-service"}
{"level":"info","message":"{\"cod\":\"400\",\"message\":\"Nothing to geocode\"}","service":"user-service"}
{"level":"error","message":"error","service":"user-service"}
{"level":"info","message":"{\"coord\":{\"lon\":73.8553,\"lat\":18.5196},\"weather\":[{\"id\":804,\"main\":\"Clouds\",\"description\":\"overcast clouds\",\"icon\":\"04d\"}],\"base\":\"stations\",\"main\":{\"temp\":27.53,\"feels_like\":28.69,\"temp_min\":27.53,\"temp_max\":27.53,\"pressure\":1006,\"humidity\":59,\"sea_level\":1006,\"grnd_level\":946},\"visibility\":10000,\"wind\":{\"speed\":6.08,\"deg\":268,\"gust\":7.33},\"clouds\":{\"all\":100},\"dt\":1653044063,\"sys\":{\"country\":\"IN\",\"sunrise\":1653006574,\"sunset\":1653053573},\"timezone\":19800,\"id\":1259229,\"name\":\"Pune\",\"cod\":200}","service":"user-service"}
{"level":"info","message":"{\"coord\":{\"lon\":73.8553,\"lat\":18.5196},\"weather\":[{\"id\":804,\"main\":\"Clouds\",\"description\":\"overcast clouds\",\"icon\":\"04d\"}],\"base\":\"stations\",\"main\":{\"temp\":27.53,\"feels_like\":28.69,\"temp_min\":27.53,\"temp_max\":27.53,\"pressure\":1006,\"humidity\":59,\"sea_level\":1006,\"grnd_level\":946},\"visibility\":10000,\"wind\":{\"speed\":6.08,\"deg\":268,\"gust\":7.33},\"clouds\":{\"all\":100},\"dt\":1653044063,\"sys\":{\"country\":\"IN\",\"sunrise\":1653006574,\"sunset\":1653053573},\"timezone\":19800,\"id\":1259229,\"name\":\"Pune\",\"cod\":200}","service":"user-service"}
{"level":"info","message":"{\"coord\":{\"lon\":73.8553,\"lat\":18.5196},\"weather\":[{\"id\":804,\"main\":\"Clouds\",\"description\":\"overcast clouds\",\"icon\":\"04d\"}],\"base\":\"stations\",\"main\":{\"temp\":27.53,\"feels_like\":28.69,\"temp_min\":27.53,\"temp_max\":27.53,\"pressure\":1006,\"humidity\":59,\"sea_level\":1006,\"grnd_level\":946},\"visibility\":10000,\"wind\":{\"speed\":6.08,\"deg\":268,\"gust\":7.33},\"clouds\":{\"all\":100},\"dt\":1653044063,\"sys\":{\"country\":\"IN\",\"sunrise\":1653006574,\"sunset\":1653053573},\"timezone\":19800,\"id\":1259229,\"name\":\"Pune\",\"cod\":200}","service":"user-service"}
{"level":"info","message":"{\"coord\":{\"lon\":73.8553,\"lat\":18.5196},\"weather\":[{\"id\":804,\"main\":\"Clouds\",\"description\":\"overcast clouds\",\"icon\":\"04d\"}],\"base\":\"stations\",\"main\":{\"temp\":27.53,\"feels_like\":28.69,\"temp_min\":27.53,\"temp_max\":27.53,\"pressure\":1006,\"humidity\":59,\"sea_level\":1006,\"grnd_level\":946},\"visibility\":10000,\"wind\":{\"speed\":6.08,\"deg\":268,\"gust\":7.33},\"clouds\":{\"all\":100},\"dt\":1653044063,\"sys\":{\"country\":\"IN\",\"sunrise\":1653006574,\"sunset\":1653053573},\"timezone\":19800,\"id\":1259229,\"name\":\"Pune\",\"cod\":200}","service":"user-service"}
{"level":"info","message":"{\"cod\":\"400\",\"message\":\"Nothing to geocode\"}","service":"user-service"}
{"level":"error","message":"error","service":"user-service"}
{"level":"info","message":"{\"coord\":{\"lon\":73.8553,\"lat\":18.5196},\"weather\":[{\"id\":804,\"main\":\"Clouds\",\"description\":\"overcast clouds\",\"icon\":\"04d\"}],\"base\":\"stations\",\"main\":{\"temp\":27.53,\"feels_like\":28.69,\"temp_min\":27.53,\"temp_max\":27.53,\"pressure\":1006,\"humidity\":59,\"sea_level\":1006,\"grnd_level\":946},\"visibility\":10000,\"wind\":{\"speed\":6.08,\"deg\":268,\"gust\":7.33},\"clouds\":{\"all\":100},\"dt\":1653044400,\"sys\":{\"country\":\"IN\",\"sunrise\":1653006574,\"sunset\":1653053573},\"timezone\":19800,\"id\":1259229,\"name\":\"Pune\",\"cod\":200}","service":"user-service"}
{"level":"info","message":"{\"cod\":\"400\",\"message\":\"Nothing to geocode\"}","service":"user-service"}
{"level":"error","message":"error","service":"user-service"}
{"level":"info","message":"{\"cod\":\"400\",\"message\":\"Nothing to geocode\"}","service":"user-service"}
{"level":"error","message":"error","service":"user-service"}
{"level":"info","message":"{\"cod\":\"400\",\"message\":\"Nothing to geocode\"}","service":"user-service"}
{"level":"error","message":"error","service":"user-service"}
{"level":"info","message":"{\"cod\":\"400\",\"message\":\"Nothing to geocode\"}","service":"user-service"}
{"level":"error","message":"error","service":"user-service"}
{"level":"info","message":"{\"cod\":\"400\",\"message\":\"Nothing to geocode\"}","service":"user-service"}
{"level":"error","message":"error","service":"user-service"}
{"level":"info","message":"{\"cod\":\"400\",\"message\":\"Nothing to geocode\"}","service":"user-service"}
{"level":"error","message":"error","service":"user-service"}
{"level":"info","message":"{\"cod\":\"400\",\"message\":\"Nothing to geocode\"}","service":"user-service"}
{"level":"error","message":"error","service":"user-service"}
{"level":"info","message":"{\"cod\":\"400\",\"message\":\"Nothing to geocode\"}","service":"user-service"}
{"level":"error","message":"error","service":"user-service"}
{"level":"info","message":"{\"coord\":{\"lon\":73.8553,\"lat\":18.5196},\"weather\":[{\"id\":804,\"main\":\"Clouds\",\"description\":\"overcast clouds\",\"icon\":\"04d\"}],\"base\":\"stations\",\"main\":{\"temp\":27.53,\"feels_like\":28.69,\"temp_min\":27.53,\"temp_max\":27.53,\"pressure\":1006,\"humidity\":59,\"sea_level\":1006,\"grnd_level\":946},\"visibility\":10000,\"wind\":{\"speed\":6.08,\"deg\":268,\"gust\":7.33},\"clouds\":{\"all\":100},\"dt\":1653044400,\"sys\":{\"country\":\"IN\",\"sunrise\":1653006574,\"sunset\":1653053573},\"timezone\":19800,\"id\":1259229,\"name\":\"Pune\",\"cod\":200}","service":"user-service"}
{"level":"info","message":"{\"cod\":\"400\",\"message\":\"Nothing to geocode\"}","service":"user-service"}
{"level":"error","message":"error","service":"user-service"}
{"level":"info","message":"{\"coord\":{\"lon\":73.8553,\"lat\":18.5196},\"weather\":[{\"id\":804,\"main\":\"Clouds\",\"description\":\"overcast clouds\",\"icon\":\"04d\"}],\"base\":\"stations\",\"main\":{\"temp\":27.53,\"feels_like\":28.69,\"temp_min\":27.53,\"temp_max\":27.53,\"pressure\":1006,\"humidity\":59,\"sea_level\":1006,\"grnd_level\":946},\"visibility\":10000,\"wind\":{\"speed\":6.08,\"deg\":268,\"gust\":7.33},\"clouds\":{\"all\":100},\"dt\":1653044400,\"sys\":{\"country\":\"IN\",\"sunrise\":1653006574,\"sunset\":1653053573},\"timezone\":19800,\"id\":1259229,\"name\":\"Pune\",\"cod\":200}","service":"user-service"}
{"level":"info","message":"{\"cod\":\"400\",\"message\":\"Nothing to geocode\"}","service":"user-service"}
{"level":"error","message":"error","service":"user-service"}
{"level":"info","message":"{\"coord\":{\"lon\":73.8553,\"lat\":18.5196},\"weather\":[{\"id\":804,\"main\":\"Clouds\",\"description\":\"overcast clouds\",\"icon\":\"04d\"}],\"base\":\"stations\",\"main\":{\"temp\":27.53,\"feels_like\":28.69,\"temp_min\":27.53,\"temp_max\":27.53,\"pressure\":1006,\"humidity\":59,\"sea_level\":1006,\"grnd_level\":946},\"visibility\":10000,\"wind\":{\"speed\":6.08,\"deg\":268,\"gust\":7.33},\"clouds\":{\"all\":100},\"dt\":1653044400,\"sys\":{\"country\":\"IN\",\"sunrise\":1653006574,\"sunset\":1653053573},\"timezone\":19800,\"id\":1259229,\"name\":\"Pune\",\"cod\":200}","service":"user-service"}
{"level":"info","message":"{\"cod\":\"400\",\"message\":\"Nothing to geocode\"}","service":"user-service"}
{"level":"error","message":"error","service":"user-service"}
{"level":"info","message":"{\"coord\":{\"lon\":73.8553,\"lat\":18.5196},\"weather\":[{\"id\":804,\"main\":\"Clouds\",\"description\":\"overcast clouds\",\"icon\":\"04d\"}],\"base\":\"stations\",\"main\":{\"temp\":27.53,\"feels_like\":28.69,\"temp_min\":27.53,\"temp_max\":27.53,\"pressure\":1006,\"humidity\":59,\"sea_level\":1006,\"grnd_level\":946},\"visibility\":10000,\"wind\":{\"speed\":6.08,\"deg\":268,\"gust\":7.33},\"clouds\":{\"all\":100},\"dt\":1653046039,\"sys\":{\"country\":\"IN\",\"sunrise\":1653006574,\"sunset\":1653053573},\"timezone\":19800,\"id\":1259229,\"name\":\"Pune\",\"cod\":200}","service":"user-service"}
{"level":"info","message":"{\"cod\":\"400\",\"message\":\"Nothing to geocode\"}","service":"user-service"}
{"level":"error","message":"error","service":"user-service"}
{"level":"info","message":"{\"cod\":\"400\",\"message\":\"Nothing to geocode\"}","service":"user-service"}
{"level":"error","message":"error","service":"user-service"}
{"level":"info","message":"{\"cod\":\"400\",\"message\":\"Nothing to geocode\"}","service":"user-service"}
{"level":"error","message":"error","service":"user-service"}
{"level":"info","message":"{\"cod\":\"400\",\"message\":\"Nothing to geocode\"}","service":"user-service"}
{"level":"error","message":"error","service":"user-service"}
{"level":"info","message":"{\"cod\":\"400\",\"message\":\"Nothing to geocode\"}","service":"user-service"}
{"level":"error","message":"error","service":"user-service"}
{"level":"info","message":"{\"cod\":\"400\",\"message\":\"Nothing to geocode\"}","service":"user-service"}
{"level":"error","message":"error","service":"user-service"}
{"level":"info","message":"{\"coord\":{\"lon\":73.8553,\"lat\":18.5196},\"weather\":[{\"id\":804,\"main\":\"Clouds\",\"description\":\"overcast clouds\",\"icon\":\"04d\"}],\"base\":\"stations\",\"main\":{\"temp\":27.02,\"feels_like\":28.03,\"temp_min\":27.02,\"temp_max\":27.02,\"pressure\":1006,\"humidity\":59,\"sea_level\":1006,\"grnd_level\":945},\"visibility\":10000,\"wind\":{\"speed\":5.82,\"deg\":262,\"gust\":7.39},\"clouds\":{\"all\":100},\"dt\":1653046683,\"sys\":{\"country\":\"IN\",\"sunrise\":1653006574,\"sunset\":1653053573},\"timezone\":19800,\"id\":1259229,\"name\":\"Pune\",\"cod\":200}","service":"user-service"}
{"level":"info","message":"{\"cod\":\"400\",\"message\":\"Nothing to geocode\"}","service":"user-service"}
{"level":"error","message":"error","service":"user-service"}
{"level":"info","message":"{\"coord\":{\"lon\":73.8553,\"lat\":18.5196},\"weather\":[{\"id\":804,\"main\":\"Clouds\",\"description\":\"overcast clouds\",\"icon\":\"04d\"}],\"base\":\"stations\",\"main\":{\"temp\":27.02,\"feels_like\":28.03,\"temp_min\":27.02,\"temp_max\":27.02,\"pressure\":1006,\"humidity\":59,\"sea_level\":1006,\"grnd_level\":945},\"visibility\":10000,\"wind\":{\"speed\":5.82,\"deg\":262,\"gust\":7.39},\"clouds\":{\"all\":100},\"dt\":1653046683,\"sys\":{\"country\":\"IN\",\"sunrise\":1653006574,\"sunset\":1653053573},\"timezone\":19800,\"id\":1259229,\"name\":\"Pune\",\"cod\":200}","service":"user-service"}
{"level":"info","message":"{\"cod\":\"400\",\"message\":\"Nothing to geocode\"}","service":"user-service"}
{"level":"error","message":"error","service":"user-service"}
{"level":"info","message":"{\"coord\":{\"lon\":73.8553,\"lat\":18.5196},\"weather\":[{\"id\":804,\"main\":\"Clouds\",\"description\":\"overcast clouds\",\"icon\":\"04d\"}],\"base\":\"stations\",\"main\":{\"temp\":27.02,\"feels_like\":28.03,\"temp_min\":27.02,\"temp_max\":27.02,\"pressure\":1006,\"humidity\":59,\"sea_level\":1006,\"grnd_level\":945},\"visibility\":10000,\"wind\":{\"speed\":5.82,\"deg\":262,\"gust\":7.39},\"clouds\":{\"all\":100},\"dt\":1653046683,\"sys\":{\"country\":\"IN\",\"sunrise\":1653006574,\"sunset\":1653053573},\"timezone\":19800,\"id\":1259229,\"name\":\"Pune\",\"cod\":200}","service":"user-service"}
{"level":"info","message":"{\"cod\":\"400\",\"message\":\"Nothing to geocode\"}","service":"user-service"}
{"level":"error","message":"error","service":"user-service"}
{"level":"info","message":"{\"cod\":\"400\",\"message\":\"Nothing to geocode\"}","service":"user-service"}
{"level":"error","message":"error","service":"user-service"}
{"level":"info","message":"{\"coord\":{\"lon\":73.8553,\"lat\":18.5196},\"weather\":[{\"id\":804,\"main\":\"Clouds\",\"description\":\"overcast clouds\",\"icon\":\"04d\"}],\"base\":\"stations\",\"main\":{\"temp\":27.02,\"feels_like\":28.03,\"temp_min\":27.02,\"temp_max\":27.02,\"pressure\":1006,\"humidity\":59,\"sea_level\":1006,\"grnd_level\":945},\"visibility\":10000,\"wind\":{\"speed\":5.82,\"deg\":262,\"gust\":7.39},\"clouds\":{\"all\":100},\"dt\":1653046762,\"sys\":{\"country\":\"IN\",\"sunrise\":1653006574,\"sunset\":1653053573},\"timezone\":19800,\"id\":1259229,\"name\":\"Pune\",\"cod\":200}","service":"user-service"}
{"level":"info","message":"{\"cod\":\"400\",\"message\":\"Nothing to geocode\"}","service":"user-service"}
{"level":"error","message":"error","service":"user-service"}
{"level":"info","message":"{\"cod\":\"400\",\"message\":\"Nothing to geocode\"}","service":"user-service"}
{"level":"error","message":"error","service":"user-service"}
{"level":"info","message":"{\"cod\":\"400\",\"message\":\"Nothing to geocode\"}","service":"user-service"}
{"level":"error","message":"error","service":"user-service"}
{"level":"info","message":"{\"coord\":{\"lon\":73.8553,\"lat\":18.5196},\"weather\":[{\"id\":804,\"main\":\"Clouds\",\"description\":\"overcast clouds\",\"icon\":\"04d\"}],\"base\":\"stations\",\"main\":{\"temp\":27.02,\"feels_like\":28.03,\"temp_min\":27.02,\"temp_max\":27.02,\"pressure\":1006,\"humidity\":59,\"sea_level\":1006,\"grnd_level\":945},\"visibility\":10000,\"wind\":{\"speed\":5.82,\"deg\":262,\"gust\":7.39},\"clouds\":{\"all\":100},\"dt\":1653046762,\"sys\":{\"country\":\"IN\",\"sunrise\":1653006574,\"sunset\":1653053573},\"timezone\":19800,\"id\":1259229,\"name\":\"Pune\",\"cod\":200}","service":"user-service"}
{"level":"info","message":"{\"coord\":{\"lon\":73.8553,\"lat\":18.5196},\"weather\":[{\"id\":804,\"main\":\"Clouds\",\"description\":\"overcast clouds\",\"icon\":\"04d\"}],\"base\":\"stations\",\"main\":{\"temp\":27.02,\"feels_like\":28.03,\"temp_min\":27.02,\"temp_max\":27.02,\"pressure\":1006,\"humidity\":59,\"sea_level\":1006,\"grnd_level\":945},\"visibility\":10000,\"wind\":{\"speed\":5.82,\"deg\":262,\"gust\":7.39},\"clouds\":{\"all\":100},\"dt\":1653046762,\"sys\":{\"country\":\"IN\",\"sunrise\":1653006574,\"sunset\":1653053573},\"timezone\":19800,\"id\":1259229,\"name\":\"Pune\",\"cod\":200}","service":"user-service"}
{"level":"info","message":"{\"cod\":\"400\",\"message\":\"Nothing to geocode\"}","service":"user-service"}
{"level":"error","message":"error","service":"user-service"}
{"level":"info","message":"{\"cod\":\"404\",\"message\":\"city not found\"}","service":"user-service"}
{"level":"error","message":"error","service":"user-service"}
{"level":"info","message":"{\"cod\":\"400\",\"message\":\"Nothing to geocode\"}","service":"user-service"}
{"level":"error","message":"error","service":"user-service"}
{"level":"info","message":"{\"cod\":\"400\",\"message\":\"Nothing to geocode\"}","service":"user-service"}
{"level":"error","message":"error","service":"user-service"}
{"level":"info","message":"{\"cod\":\"400\",\"message\":\"Nothing to geocode\"}","service":"user-service"}
{"level":"error","message":"error","service":"user-service"}
{"level":"info","message":"{\"cod\":\"400\",\"message\":\"Nothing to geocode\"}","service":"user-service"}
{"level":"error","message":"error","service":"user-service"}
{"level":"info","message":"{\"cod\":\"400\",\"message\":\"Nothing to geocode\"}","service":"user-service"}
{"level":"error","message":"error","service":"user-service"}
{"level":"info","message":"{\"coord\":{\"lon\":73.8553,\"lat\":18.5196},\"weather\":[{\"id\":804,\"main\":\"Clouds\",\"description\":\"overcast clouds\",\"icon\":\"04d\"}],\"base\":\"stations\",\"main\":{\"temp\":25.64,\"feels_like\":26.01,\"temp_min\":25.64,\"temp_max\":25.64,\"pressure\":1007,\"humidity\":67,\"sea_level\":1007,\"grnd_level\":945},\"visibility\":10000,\"wind\":{\"speed\":5.62,\"deg\":257,\"gust\":8.86},\"clouds\":{\"all\":100},\"dt\":1653047397,\"sys\":{\"country\":\"IN\",\"sunrise\":1653006574,\"sunset\":1653053573},\"timezone\":19800,\"id\":1259229,\"name\":\"Pune\",\"cod\":200}","service":"user-service"}
{"level":"info","message":"{\"cod\":\"400\",\"message\":\"Nothing to geocode\"}","service":"user-service"}
{"level":"error","message":"error","service":"user-service"}
{"level":"info","message":"{\"coord\":{\"lon\":73.8553,\"lat\":18.5196},\"weather\":[{\"id\":804,\"main\":\"Clouds\",\"description\":\"overcast clouds\",\"icon\":\"04d\"}],\"base\":\"stations\",\"main\":{\"temp\":25.64,\"feels_like\":26.01,\"temp_min\":25.64,\"temp_max\":25.64,\"pressure\":1007,\"humidity\":67,\"sea_level\":1007,\"grnd_level\":945},\"visibility\":10000,\"wind\":{\"speed\":5.62,\"deg\":257,\"gust\":8.86},\"clouds\":{\"all\":100},\"dt\":1653047397,\"sys\":{\"country\":\"IN\",\"sunrise\":1653006574,\"sunset\":1653053573},\"timezone\":19800,\"id\":1259229,\"name\":\"Pune\",\"cod\":200}","service":"user-service"}
{"level":"info","message":"{\"cod\":\"400\",\"message\":\"Nothing to geocode\"}","service":"user-service"}
{"level":"error","message":"error","service":"user-service"}
{"level":"info","message":"{\"coord\":{\"lon\":73.8553,\"lat\":18.5196},\"weather\":[{\"id\":804,\"main\":\"Clouds\",\"description\":\"overcast clouds\",\"icon\":\"04d\"}],\"base\":\"stations\",\"main\":{\"temp\":25.64,\"feels_like\":26.01,\"temp_min\":25.64,\"temp_max\":25.64,\"pressure\":1007,\"humidity\":67,\"sea_level\":1007,\"grnd_level\":945},\"visibility\":10000,\"wind\":{\"speed\":5.62,\"deg\":257,\"gust\":8.86},\"clouds\":{\"all\":100},\"dt\":1653047397,\"sys\":{\"country\":\"IN\",\"sunrise\":1653006574,\"sunset\":1653053573},\"timezone\":19800,\"id\":1259229,\"name\":\"Pune\",\"cod\":200}","service":"user-service"}
{"level":"info","message":"{\"coord\":{\"lon\":73.8553,\"lat\":18.5196},\"weather\":[{\"id\":804,\"main\":\"Clouds\",\"description\":\"overcast clouds\",\"icon\":\"04d\"}],\"base\":\"stations\",\"main\":{\"temp\":25.64,\"feels_like\":26.01,\"temp_min\":25.64,\"temp_max\":25.64,\"pressure\":1007,\"humidity\":67,\"sea_level\":1007,\"grnd_level\":945},\"visibility\":10000,\"wind\":{\"speed\":5.62,\"deg\":257,\"gust\":8.86},\"clouds\":{\"all\":100},\"dt\":1653047397,\"sys\":{\"country\":\"IN\",\"sunrise\":1653006574,\"sunset\":1653053573},\"timezone\":19800,\"id\":1259229,\"name\":\"Pune\",\"cod\":200}","service":"user-service"}
{"level":"info","message":"{\"cod\":\"400\",\"message\":\"Nothing to geocode\"}","service":"user-service"}
{"level":"error","message":"error","service":"user-service"}
{"level":"info","message":"{\"coord\":{\"lon\":72.8479,\"lat\":19.0144},\"weather\":[{\"id\":721,\"main\":\"Haze\",\"description\":\"haze\",\"icon\":\"50d\"}],\"base\":\"stations\",\"main\":{\"temp\":30.99,\"feels_like\":37.57,\"temp_min\":30.94,\"temp_max\":30.99,\"pressure\":1005,\"humidity\":70},\"visibility\":3000,\"wind\":{\"speed\":5.66,\"deg\":230},\"clouds\":{\"all\":75},\"dt\":1653047319,\"sys\":{\"type\":1,\"id\":9052,\"country\":\"IN\",\"sunrise\":1653006767,\"sunset\":1653053864},\"timezone\":19800,\"id\":1275339,\"name\":\"Mumbai\",\"cod\":200}","service":"user-service"}
{"level":"info","message":"{\"cod\":\"400\",\"message\":\"Nothing to geocode\"}","service":"user-service"}
{"level":"error","message":"error","service":"user-service"}
{"level":"info","message":"{\"cod\":\"400\",\"message\":\"Nothing to geocode\"}","service":"user-service"}
{"level":"error","message":"error","service":"user-service"}
{"level":"info","message":"{\"coord\":{\"lon\":73.8553,\"lat\":18.5196},\"weather\":[{\"id\":804,\"main\":\"Clouds\",\"description\":\"overcast clouds\",\"icon\":\"04d\"}],\"base\":\"stations\",\"main\":{\"temp\":25.64,\"feels_like\":26.01,\"temp_min\":25.64,\"temp_max\":25.64,\"pressure\":1007,\"humidity\":67,\"sea_level\":1007,\"grnd_level\":945},\"visibility\":10000,\"wind\":{\"speed\":5.62,\"deg\":257,\"gust\":8.86},\"clouds\":{\"all\":100},\"dt\":1653047397,\"sys\":{\"country\":\"IN\",\"sunrise\":1653006574,\"sunset\":1653053573},\"timezone\":19800,\"id\":1259229,\"name\":\"Pune\",\"cod\":200}","service":"user-service"}
{"level":"info","message":"{\"cod\":\"400\",\"message\":\"Nothing to geocode\"}","service":"user-service"}
{"level":"error","message":"error","service":"user-service"}
{"level":"info","message":"{\"coord\":{\"lon\":73.8553,\"lat\":18.5196},\"weather\":[{\"id\":804,\"main\":\"Clouds\",\"description\":\"overcast clouds\",\"icon\":\"04d\"}],\"base\":\"stations\",\"main\":{\"temp\":25.64,\"feels_like\":26.01,\"temp_min\":25.64,\"temp_max\":25.64,\"pressure\":1007,\"humidity\":67,\"sea_level\":1007,\"grnd_level\":945},\"visibility\":10000,\"wind\":{\"speed\":5.62,\"deg\":257,\"gust\":8.86},\"clouds\":{\"all\":100},\"dt\":1653047397,\"sys\":{\"country\":\"IN\",\"sunrise\":1653006574,\"sunset\":1653053573},\"timezone\":19800,\"id\":1259229,\"name\":\"Pune\",\"cod\":200}","service":"user-service"}
{"level":"info","message":"{\"cod\":\"400\",\"message\":\"Nothing to geocode\"}","service":"user-service"}
{"level":"error","message":"error","service":"user-service"}
{"level":"info","message":"{\"coord\":{\"lon\":73.8553,\"lat\":18.5196},\"weather\":[{\"id\":804,\"main\":\"Clouds\",\"description\":\"overcast clouds\",\"icon\":\"04d\"}],\"base\":\"stations\",\"main\":{\"temp\":25.64,\"feels_like\":26.01,\"temp_min\":25.64,\"temp_max\":25.64,\"pressure\":1007,\"humidity\":67,\"sea_level\":1007,\"grnd_level\":945},\"visibility\":10000,\"wind\":{\"speed\":5.62,\"deg\":257,\"gust\":8.86},\"clouds\":{\"all\":100},\"dt\":1653047397,\"sys\":{\"country\":\"IN\",\"sunrise\":1653006574,\"sunset\":1653053573},\"timezone\":19800,\"id\":1259229,\"name\":\"Pune\",\"cod\":200}","service":"user-service"}
{"level":"info","message":"{\"cod\":\"400\",\"message\":\"Nothing to geocode\"}","service":"user-service"}
{"level":"error","message":"error","service":"user-service"}
{"level":"info","message":"{\"cod\":\"404\",\"message\":\"city not found\"}","service":"user-service"}
{"level":"error","message":"error","service":"user-service"}
{"level":"info","message":"{\"cod\":\"400\",\"message\":\"Nothing to geocode\"}","service":"user-service"}
{"level":"error","message":"error","service":"user-service"}
{"level":"info","message":"{\"coord\":{\"lon\":73.8553,\"lat\":18.5196},\"weather\":[{\"id\":804,\"main\":\"Clouds\",\"description\":\"overcast clouds\",\"icon\":\"04d\"}],\"base\":\"stations\",\"main\":{\"temp\":25.64,\"feels_like\":26.01,\"temp_min\":25.64,\"temp_max\":25.64,\"pressure\":1007,\"humidity\":67,\"sea_level\":1007,\"grnd_level\":945},\"visibility\":10000,\"wind\":{\"speed\":5.62,\"deg\":257,\"gust\":8.86},\"clouds\":{\"all\":100},\"dt\":1653047397,\"sys\":{\"country\":\"IN\",\"sunrise\":1653006574,\"sunset\":1653053573},\"timezone\":19800,\"id\":1259229,\"name\":\"Pune\",\"cod\":200}","service":"user-service"}
{"level":"info","message":"{\"cod\":\"400\",\"message\":\"Nothing to geocode\"}","service":"user-service"}
{"level":"error","message":"error","service":"user-service"}
{"level":"info","message":"{\"cod\":\"400\",\"message\":\"Nothing to geocode\"}","service":"user-service"}
{"level":"error","message":"error","service":"user-service"}
{"level":"info","message":"{\"coord\":{\"lon\":73.8553,\"lat\":18.5196},\"weather\":[{\"id\":804,\"main\":\"Clouds\",\"description\":\"overcast clouds\",\"icon\":\"04d\"}],\"base\":\"stations\",\"main\":{\"temp\":25.64,\"feels_like\":26.01,\"temp_min\":25.64,\"temp_max\":25.64,\"pressure\":1007,\"humidity\":67,\"sea_level\":1007,\"grnd_level\":945},\"visibility\":10000,\"wind\":{\"speed\":5.62,\"deg\":257,\"gust\":8.86},\"clouds\":{\"all\":100},\"dt\":1653047397,\"sys\":{\"country\":\"IN\",\"sunrise\":1653006574,\"sunset\":1653053573},\"timezone\":19800,\"id\":1259229,\"name\":\"Pune\",\"cod\":200}","service":"user-service"}
{"level":"info","message":"{\"cod\":\"400\",\"message\":\"Nothing to geocode\"}","service":"user-service"}
{"level":"error","message":"error","service":"user-service"}
{"level":"info","message":"{\"cod\":\"400\",\"message\":\"Nothing to geocode\"}","service":"user-service"}
{"level":"error","message":"error","service":"user-service"}
{"level":"info","message":"{\"cod\":\"400\",\"message\":\"Nothing to geocode\"}","service":"user-service"}
{"level":"error","message":"error","service":"user-service"}
{"level":"info","message":"{\"coord\":{\"lon\":73.8553,\"lat\":18.5196},\"weather\":[{\"id\":804,\"main\":\"Clouds\",\"description\":\"overcast clouds\",\"icon\":\"04d\"}],\"base\":\"stations\",\"main\":{\"temp\":25.64,\"feels_like\":26.01,\"temp_min\":25.64,\"temp_max\":25.64,\"pressure\":1007,\"humidity\":67,\"sea_level\":1007,\"grnd_level\":945},\"visibility\":10000,\"wind\":{\"speed\":5.62,\"deg\":257,\"gust\":8.86},\"clouds\":{\"all\":100},\"dt\":1653047397,\"sys\":{\"country\":\"IN\",\"sunrise\":1653006574,\"sunset\":1653053573},\"timezone\":19800,\"id\":1259229,\"name\":\"Pune\",\"cod\":200}","service":"user-service"}
{"level":"info","message":"{\"coord\":{\"lon\":73.8553,\"lat\":18.5196},\"weather\":[{\"id\":804,\"main\":\"Clouds\",\"description\":\"overcast clouds\",\"icon\":\"04d\"}],\"base\":\"stations\",\"main\":{\"temp\":27.02,\"feels_like\":28.03,\"temp_min\":27.02,\"temp_max\":27.02,\"pressure\":1006,\"humidity\":59,\"sea_level\":1006,\"grnd_level\":945},\"visibility\":10000,\"wind\":{\"speed\":5.82,\"deg\":262,\"gust\":7.39},\"clouds\":{\"all\":100},\"dt\":1653047906,\"sys\":{\"country\":\"IN\",\"sunrise\":1653006574,\"sunset\":1653053573},\"timezone\":19800,\"id\":1259229,\"name\":\"Pune\",\"cod\":200}","service":"user-service"}
{"level":"info","message":"{\"coord\":{\"lon\":73.8553,\"lat\":18.5196},\"weather\":[{\"id\":804,\"main\":\"Clouds\",\"description\":\"overcast clouds\",\"icon\":\"04d\"}],\"base\":\"stations\",\"main\":{\"temp\":27.02,\"feels_like\":28.03,\"temp_min\":27.02,\"temp_max\":27.02,\"pressure\":1006,\"humidity\":59,\"sea_level\":1006,\"grnd_level\":945},\"visibility\":10000,\"wind\":{\"speed\":5.82,\"deg\":262,\"gust\":7.39},\"clouds\":{\"all\":100},\"dt\":1653047906,\"sys\":{\"country\":\"IN\",\"sunrise\":1653006574,\"sunset\":1653053573},\"timezone\":19800,\"id\":1259229,\"name\":\"Pune\",\"cod\":200}","service":"user-service"}
{"level":"info","message":"{\"coord\":{\"lon\":73.8553,\"lat\":18.5196},\"weather\":[{\"id\":804,\"main\":\"Clouds\",\"description\":\"overcast clouds\",\"icon\":\"04d\"}],\"base\":\"stations\",\"main\":{\"temp\":27.02,\"feels_like\":28.03,\"temp_min\":27.02,\"temp_max\":27.02,\"pressure\":1006,\"humidity\":59,\"sea_level\":1006,\"grnd_level\":945},\"visibility\":10000,\"wind\":{\"speed\":5.82,\"deg\":262,\"gust\":7.39},\"clouds\":{\"all\":100},\"dt\":1653047906,\"sys\":{\"country\":\"IN\",\"sunrise\":1653006574,\"sunset\":1653053573},\"timezone\":19800,\"id\":1259229,\"name\":\"Pune\",\"cod\":200}","service":"user-service"}
{"level":"info","message":"{\"cod\":\"400\",\"message\":\"Nothing to geocode\"}","service":"user-service"}
{"level":"error","message":"error","service":"user-service"}
{"level":"info","message":"{\"coord\":{\"lon\":73.8553,\"lat\":18.5196},\"weather\":[{\"id\":804,\"main\":\"Clouds\",\"description\":\"overcast clouds\",\"icon\":\"04d\"}],\"base\":\"stations\",\"main\":{\"temp\":27.02,\"feels_like\":28.03,\"temp_min\":27.02,\"temp_max\":27.02,\"pressure\":1006,\"humidity\":59,\"sea_level\":1006,\"grnd_level\":945},\"visibility\":10000,\"wind\":{\"speed\":5.82,\"deg\":262,\"gust\":7.39},\"clouds\":{\"all\":100},\"dt\":1653047906,\"sys\":{\"country\":\"IN\",\"sunrise\":1653006574,\"sunset\":1653053573},\"timezone\":19800,\"id\":1259229,\"name\":\"Pune\",\"cod\":200}","service":"user-service"}
{"level":"error","message":"error","service":"user-service"}
{"level":"info","message":"{\"coord\":{\"lon\":75.5667,\"lat\":21.0167},\"weather\":[{\"id\":800,\"main\":\"Clear\",\"description\":\"clear sky\",\"icon\":\"01n\"}],\"base\":\"stations\",\"main\":{\"temp\":34.66,\"feels_like\":34.6,\"temp_min\":34.66,\"temp_max\":34.66,\"pressure\":999,\"humidity\":32,\"sea_level\":999,\"grnd_level\":976},\"visibility\":10000,\"wind\":{\"speed\":9.78,\"deg\":295,\"gust\":11.74},\"clouds\":{\"all\":0},\"dt\":1653227047,\"sys\":{\"country\":\"IN\",\"sunrise\":1653178677,\"sunset\":1653226266},\"timezone\":19800,\"id\":1269407,\"name\":\"Jalgaon\",\"cod\":200}","service":"user-service"}
{"level":"info","message":"{\"coord\":{\"lon\":74.7833,\"lat\":20.9},\"weather\":[{\"id\":800,\"main\":\"Clear\",\"description\":\"clear sky\",\"icon\":\"01n\"}],\"base\":\"stations\",\"main\":{\"temp\":32.99,\"feels_like\":32.97,\"temp_min\":32.99,\"temp_max\":32.99,\"pressure\":1001,\"humidity\":36,\"sea_level\":1001,\"grnd_level\":972},\"visibility\":10000,\"wind\":{\"speed\":9.31,\"deg\":268,\"gust\":10.46},\"clouds\":{\"all\":0},\"dt\":1653227088,\"sys\":{\"country\":\"IN\",\"sunrise\":1653178877,\"sunset\":1653226442},\"timezone\":19800,\"id\":1272691,\"name\":\"Dhule\",\"cod\":200}","service":"user-service"}
{"level":"info","message":"{\"coord\":{\"lon\":114.4621,\"lat\":-3.198},\"weather\":[{\"id\":803,\"main\":\"Clouds\",\"description\":\"broken clouds\",\"icon\":\"04n\"}],\"base\":\"stations\",\"main\":{\"temp\":26.1,\"feels_like\":26.1,\"temp_min\":26.1,\"temp_max\":26.1,\"pressure\":1009,\"humidity\":94,\"sea_level\":1009,\"grnd_level\":1008},\"visibility\":10000,\"wind\":{\"speed\":0.75,\"deg\":156,\"gust\":0.83},\"clouds\":{\"all\":72},\"dt\":1653227122,\"sys\":{\"type\":1,\"id\":9360,\"country\":\"ID\",\"sunrise\":1653171607,\"sunset\":1653214664},\"timezone\":28800,\"id\":1627529,\"name\":\"Andaman\",\"cod\":200}","service":"user-service"}
{"level":"info","message":"{\"coord\":{\"lon\":73.8553,\"lat\":18.5196},\"weather\":[{\"id\":802,\"main\":\"Clouds\",\"description\":\"scattered clouds\",\"icon\":\"03d\"}],\"base\":\"stations\",\"main\":{\"temp\":28.41,\"feels_like\":29.24,\"temp_min\":28.41,\"temp_max\":28.41,\"pressure\":1009,\"humidity\":53,\"sea_level\":1009,\"grnd_level\":948},\"visibility\":10000,\"wind\":{\"speed\":3.15,\"deg\":267,\"gust\":3.54},\"clouds\":{\"all\":25},\"dt\":1654055919,\"sys\":{\"country\":\"IN\",\"sunrise\":1654043254,\"sunset\":1654090650},\"timezone\":19800,\"id\":1259229,\"name\":\"Pune\",\"cod\":200}","service":"user-service"}
